<?xml version="1.0" encoding="UTF-8"?>
<!-- Generated by org.testng.reporters.JUnitReportReporter -->
<testsuite skipped="0" hostname="LIN22002516" name="SeleniumGridTest.SeleniumGridTest.GridTest" tests="2" failures="0" timestamp="2020-11-06T03:23:07 IST" time="27.799" errors="0">
  <testcase name="calculatepercent" time="14.510" classname="SeleniumGridTest.SeleniumGridTest.GridTest"/>
  <system-out/>
  <testcase name="calculatepercent" time="13.289" classname="SeleniumGridTest.SeleniumGridTest.GridTest"/>
  <system-out/>
</testsuite> <!-- SeleniumGridTest.SeleniumGridTest.GridTest -->
